[2022-03-24T15:23:58.534] [WARN] archivo - Error: Missing credentials for "PLAIN"
    at SMTPConnection._formatError (C:\Users\BIGBANG-SOLUCIONES\Documents\Test\coderHouse-final\node_modules\nodemailer\lib\smtp-connection\index.js:784:19)
    at SMTPConnection.login (C:\Users\BIGBANG-SOLUCIONES\Documents\Test\coderHouse-final\node_modules\nodemailer\lib\smtp-connection\index.js:438:38)
    at C:\Users\BIGBANG-SOLUCIONES\Documents\Test\coderHouse-final\node_modules\nodemailer\lib\smtp-transport\index.js:271:32
    at SMTPConnection.<anonymous> (C:\Users\BIGBANG-SOLUCIONES\Documents\Test\coderHouse-final\node_modules\nodemailer\lib\smtp-connection\index.js:209:17)
    at Object.onceWrapper (node:events:509:28)
    at SMTPConnection.emit (node:events:390:28)
    at SMTPConnection._actionEHLO (C:\Users\BIGBANG-SOLUCIONES\Documents\Test\coderHouse-final\node_modules\nodemailer\lib\smtp-connection\index.js:1319:14)
    at SMTPConnection._processResponse (C:\Users\BIGBANG-SOLUCIONES\Documents\Test\coderHouse-final\node_modules\nodemailer\lib\smtp-connection\index.js:947:20)
    at SMTPConnection._onData (C:\Users\BIGBANG-SOLUCIONES\Documents\Test\coderHouse-final\node_modules\nodemailer\lib\smtp-connection\index.js:749:14)
    at TLSSocket.SMTPConnection._onSocketData (C:\Users\BIGBANG-SOLUCIONES\Documents\Test\coderHouse-final\node_modules\nodemailer\lib\smtp-connection\index.js:189:44) {
  code: 'EAUTH',
  command: 'API'
}
[2022-03-24T15:27:07.584] [WARN] archivo - Error: Missing credentials for "PLAIN"
    at SMTPConnection._formatError (C:\Users\BIGBANG-SOLUCIONES\Documents\Test\coderHouse-final\node_modules\nodemailer\lib\smtp-connection\index.js:784:19)
    at SMTPConnection.login (C:\Users\BIGBANG-SOLUCIONES\Documents\Test\coderHouse-final\node_modules\nodemailer\lib\smtp-connection\index.js:438:38)
    at C:\Users\BIGBANG-SOLUCIONES\Documents\Test\coderHouse-final\node_modules\nodemailer\lib\smtp-transport\index.js:271:32
    at SMTPConnection.<anonymous> (C:\Users\BIGBANG-SOLUCIONES\Documents\Test\coderHouse-final\node_modules\nodemailer\lib\smtp-connection\index.js:209:17)
    at Object.onceWrapper (node:events:509:28)
    at SMTPConnection.emit (node:events:390:28)
    at SMTPConnection._actionEHLO (C:\Users\BIGBANG-SOLUCIONES\Documents\Test\coderHouse-final\node_modules\nodemailer\lib\smtp-connection\index.js:1319:14)
    at SMTPConnection._processResponse (C:\Users\BIGBANG-SOLUCIONES\Documents\Test\coderHouse-final\node_modules\nodemailer\lib\smtp-connection\index.js:947:20)
    at SMTPConnection._onData (C:\Users\BIGBANG-SOLUCIONES\Documents\Test\coderHouse-final\node_modules\nodemailer\lib\smtp-connection\index.js:749:14)
    at TLSSocket.SMTPConnection._onSocketData (C:\Users\BIGBANG-SOLUCIONES\Documents\Test\coderHouse-final\node_modules\nodemailer\lib\smtp-connection\index.js:189:44) {
  code: 'EAUTH',
  command: 'API'
}
[2022-03-24T15:27:54.238] [WARN] archivo - Error: Missing credentials for "PLAIN"
    at SMTPConnection._formatError (C:\Users\BIGBANG-SOLUCIONES\Documents\Test\coderHouse-final\node_modules\nodemailer\lib\smtp-connection\index.js:784:19)
    at SMTPConnection.login (C:\Users\BIGBANG-SOLUCIONES\Documents\Test\coderHouse-final\node_modules\nodemailer\lib\smtp-connection\index.js:438:38)
    at C:\Users\BIGBANG-SOLUCIONES\Documents\Test\coderHouse-final\node_modules\nodemailer\lib\smtp-transport\index.js:271:32
    at SMTPConnection.<anonymous> (C:\Users\BIGBANG-SOLUCIONES\Documents\Test\coderHouse-final\node_modules\nodemailer\lib\smtp-connection\index.js:209:17)
    at Object.onceWrapper (node:events:509:28)
    at SMTPConnection.emit (node:events:390:28)
    at SMTPConnection._actionEHLO (C:\Users\BIGBANG-SOLUCIONES\Documents\Test\coderHouse-final\node_modules\nodemailer\lib\smtp-connection\index.js:1319:14)
    at SMTPConnection._processResponse (C:\Users\BIGBANG-SOLUCIONES\Documents\Test\coderHouse-final\node_modules\nodemailer\lib\smtp-connection\index.js:947:20)
    at SMTPConnection._onData (C:\Users\BIGBANG-SOLUCIONES\Documents\Test\coderHouse-final\node_modules\nodemailer\lib\smtp-connection\index.js:749:14)
    at TLSSocket.SMTPConnection._onSocketData (C:\Users\BIGBANG-SOLUCIONES\Documents\Test\coderHouse-final\node_modules\nodemailer\lib\smtp-connection\index.js:189:44) {
  code: 'EAUTH',
  command: 'API'
}
[2022-03-24T15:28:43.026] [WARN] archivo - Error: Missing credentials for "PLAIN"
    at SMTPConnection._formatError (C:\Users\BIGBANG-SOLUCIONES\Documents\Test\coderHouse-final\node_modules\nodemailer\lib\smtp-connection\index.js:784:19)
    at SMTPConnection.login (C:\Users\BIGBANG-SOLUCIONES\Documents\Test\coderHouse-final\node_modules\nodemailer\lib\smtp-connection\index.js:438:38)
    at C:\Users\BIGBANG-SOLUCIONES\Documents\Test\coderHouse-final\node_modules\nodemailer\lib\smtp-transport\index.js:271:32
    at SMTPConnection.<anonymous> (C:\Users\BIGBANG-SOLUCIONES\Documents\Test\coderHouse-final\node_modules\nodemailer\lib\smtp-connection\index.js:209:17)
    at Object.onceWrapper (node:events:509:28)
    at SMTPConnection.emit (node:events:390:28)
    at SMTPConnection._actionEHLO (C:\Users\BIGBANG-SOLUCIONES\Documents\Test\coderHouse-final\node_modules\nodemailer\lib\smtp-connection\index.js:1319:14)
    at SMTPConnection._processResponse (C:\Users\BIGBANG-SOLUCIONES\Documents\Test\coderHouse-final\node_modules\nodemailer\lib\smtp-connection\index.js:947:20)
    at SMTPConnection._onData (C:\Users\BIGBANG-SOLUCIONES\Documents\Test\coderHouse-final\node_modules\nodemailer\lib\smtp-connection\index.js:749:14)
    at TLSSocket.SMTPConnection._onSocketData (C:\Users\BIGBANG-SOLUCIONES\Documents\Test\coderHouse-final\node_modules\nodemailer\lib\smtp-connection\index.js:189:44) {
  code: 'EAUTH',
  command: 'API'
}
[2022-03-24T15:30:52.929] [WARN] archivo - NotFound: The MAIL_OPTIONS is invalid
    at Function.usersPostCreateService (C:\Users\BIGBANG-SOLUCIONES\Documents\Test\coderHouse-final\dist\js\services\userServices.js:31:19)
    at processTicksAndRejections (node:internal/process/task_queues:96:5)
    at async usersPostCreate (C:\Users\BIGBANG-SOLUCIONES\Documents\Test\coderHouse-final\dist\js\controllers\usersControllers.js:18:30)
[2022-03-24T15:31:25.681] [WARN] archivo - NotFound: The MAIL_OPTIONS is invalid
    at Function.usersPostCreateService (C:\Users\BIGBANG-SOLUCIONES\Documents\Test\coderHouse-final\dist\js\services\userServices.js:31:19)
    at processTicksAndRejections (node:internal/process/task_queues:96:5)
    at async usersPostCreate (C:\Users\BIGBANG-SOLUCIONES\Documents\Test\coderHouse-final\dist\js\controllers\usersControllers.js:18:30)
[2022-03-24T15:32:31.057] [WARN] archivo - NotFound: The MAIL_OPTIONS is invalid
    at Function.usersPostCreateService (C:\Users\BIGBANG-SOLUCIONES\Documents\Test\coderHouse-final\dist\js\services\userServices.js:31:19)
    at processTicksAndRejections (node:internal/process/task_queues:96:5)
    at async usersPostCreate (C:\Users\BIGBANG-SOLUCIONES\Documents\Test\coderHouse-final\dist\js\controllers\usersControllers.js:18:30)
[2022-03-24T15:32:47.685] [WARN] archivo - NotFound: The MAIL_OPTIONS is invalid
    at Function.usersPostCreateService (C:\Users\BIGBANG-SOLUCIONES\Documents\Test\coderHouse-final\dist\js\services\userServices.js:31:19)
    at processTicksAndRejections (node:internal/process/task_queues:96:5)
    at async usersPostCreate (C:\Users\BIGBANG-SOLUCIONES\Documents\Test\coderHouse-final\dist\js\controllers\usersControllers.js:18:30)
[2022-03-24T15:35:26.948] [WARN] archivo - NotFound: The MAIL_OPTIONS is invalid
    at Function.usersPostCreateService (C:\Users\BIGBANG-SOLUCIONES\Documents\Test\coderHouse-final\dist\js\services\userServices.js:32:19)
    at processTicksAndRejections (node:internal/process/task_queues:96:5)
    at async usersPostCreate (C:\Users\BIGBANG-SOLUCIONES\Documents\Test\coderHouse-final\dist\js\controllers\usersControllers.js:18:30)
[2022-03-24T15:37:47.161] [WARN] archivo - NotFound: The MAIL_OPTIONS is invalid
    at Function.usersPostCreateService (C:\Users\BIGBANG-SOLUCIONES\Documents\Test\coderHouse-final\dist\js\services\userServices.js:34:19)
    at processTicksAndRejections (node:internal/process/task_queues:96:5)
    at async usersPostCreate (C:\Users\BIGBANG-SOLUCIONES\Documents\Test\coderHouse-final\dist\js\controllers\usersControllers.js:18:30)
[2022-03-24T15:48:18.391] [WARN] archivo - NotFound: The MAIL_OPTIONS is invalid
    at Function.usersPostCreateService (C:\Users\BIGBANG-SOLUCIONES\Documents\Test\coderHouse-final\dist\js\services\userServices.js:31:19)
    at processTicksAndRejections (node:internal/process/task_queues:96:5)
    at async usersPostCreate (C:\Users\BIGBANG-SOLUCIONES\Documents\Test\coderHouse-final\dist\js\controllers\usersControllers.js:18:30)
[2022-03-24T15:50:21.534] [WARN] archivo - NotFound: The MAIL_OPTIONS is invalid
    at Function.usersPostCreateService (C:\Users\BIGBANG-SOLUCIONES\Documents\Test\coderHouse-final\dist\js\services\userServices.js:31:19)
    at processTicksAndRejections (node:internal/process/task_queues:96:5)
    at async usersPostCreate (C:\Users\BIGBANG-SOLUCIONES\Documents\Test\coderHouse-final\dist\js\controllers\usersControllers.js:18:30)
[2022-03-24T15:50:43.672] [WARN] archivo - NotFound: The MAIL_OPTIONS is invalid
    at Function.usersPostCreateService (C:\Users\BIGBANG-SOLUCIONES\Documents\Test\coderHouse-final\dist\js\services\userServices.js:31:19)
    at processTicksAndRejections (node:internal/process/task_queues:96:5)
    at async usersPostCreate (C:\Users\BIGBANG-SOLUCIONES\Documents\Test\coderHouse-final\dist\js\controllers\usersControllers.js:18:30)
[2022-03-24T16:18:23.341] [WARN] archivo - NotFound: The MAIL_OPTIONS is invalid
    at Function.usersPostCreateService (C:\Users\BIGBANG-SOLUCIONES\Documents\Test\coderHouse-final\dist\js\services\userServices.js:31:19)
    at processTicksAndRejections (node:internal/process/task_queues:96:5)
    at async usersPostCreate (C:\Users\BIGBANG-SOLUCIONES\Documents\Test\coderHouse-final\dist\js\controllers\usersControllers.js:18:30)
[2022-03-24T16:19:03.311] [WARN] archivo - NotFound: The MAIL_OPTIONS is invalid
    at Function.usersPostCreateService (C:\Users\BIGBANG-SOLUCIONES\Documents\Test\coderHouse-final\dist\js\services\userServices.js:31:19)
    at processTicksAndRejections (node:internal/process/task_queues:96:5)
    at async usersPostCreate (C:\Users\BIGBANG-SOLUCIONES\Documents\Test\coderHouse-final\dist\js\controllers\usersControllers.js:18:30)
[2022-03-24T16:23:47.078] [WARN] archivo - NotFound: The MAIL_OPTIONS is invalid
    at Function.usersPostCreateService (C:\Users\BIGBANG-SOLUCIONES\Documents\Test\coderHouse-final\dist\js\services\userServices.js:40:19)
    at processTicksAndRejections (node:internal/process/task_queues:96:5)
    at async usersPostCreate (C:\Users\BIGBANG-SOLUCIONES\Documents\Test\coderHouse-final\dist\js\controllers\usersControllers.js:18:30)
[2022-03-24T16:25:58.675] [WARN] archivo - el usuario ya existe
[2022-03-24T16:26:07.182] [WARN] archivo - el usuario ya existe
[2022-03-24T16:26:58.377] [WARN] archivo - el usuario ya existe
[2022-03-24T16:27:02.722] [WARN] archivo - el usuario ya existe
[2022-03-24T16:27:06.808] [WARN] archivo - el usuario ya existe
[2022-03-24T16:30:00.643] [WARN] archivo - el usuario ya existe
[2022-03-24T16:31:44.312] [WARN] archivo - el usuario ya existe
[2022-03-24T16:33:08.342] [WARN] archivo - el usuario ya existe
[2022-03-24T16:33:38.019] [WARN] archivo - el usuario ya existe
[2022-03-24T16:34:10.915] [WARN] archivo - el usuario ya existe
[2022-03-24T16:35:09.561] [WARN] archivo - TypeError: Converting circular structure to JSON
    --> starting at object with constructor 'Socket'
    |     property 'parser' -> object with constructor 'HTTPParser'
    --- property 'socket' closes the circle
    at JSON.stringify (<anonymous>)
    at stringify (C:\Users\BIGBANG-SOLUCIONES\Documents\Test\coderHouse-final\node_modules\express\lib\response.js:1128:12)
    at ServerResponse.json (C:\Users\BIGBANG-SOLUCIONES\Documents\Test\coderHouse-final\node_modules\express\lib\response.js:260:14)
    at Function.build (C:\Users\BIGBANG-SOLUCIONES\Documents\Test\coderHouse-final\dist\js\utils\http.js:25:33)
    at Function.Ok (C:\Users\BIGBANG-SOLUCIONES\Documents\Test\coderHouse-final\dist\js\utils\http.js:28:21)
    at usersPostCreate (C:\Users\BIGBANG-SOLUCIONES\Documents\Test\coderHouse-final\dist\js\controllers\usersControllers.js:20:25)
    at processTicksAndRejections (node:internal/process/task_queues:96:5)
[2022-03-24T16:46:07.353] [WARN] archivo - NotFound: The messages is invalid
    at Function.usersPostBuyService (C:\Users\BIGBANG-SOLUCIONES\Documents\Test\coderHouse-final\dist\js\services\userServices.js:72:19)
    at processTicksAndRejections (node:internal/process/task_queues:96:5)
    at async usersPostBuy (C:\Users\BIGBANG-SOLUCIONES\Documents\Test\coderHouse-final\dist\js\controllers\usersControllers.js:41:30)
[2022-03-24T16:53:37.370] [WARN] archivo - NotFound: The MAIL_OPTIONS is invalid
    at Function.usersPostBuyService (C:\Users\BIGBANG-SOLUCIONES\Documents\Test\coderHouse-final\dist\js\services\userServices.js:67:19)
    at processTicksAndRejections (node:internal/process/task_queues:96:5)
    at async usersPostBuy (C:\Users\BIGBANG-SOLUCIONES\Documents\Test\coderHouse-final\dist\js\controllers\usersControllers.js:41:30)
[2022-03-24T17:00:09.117] [ERROR] archivo - el usuario no existe
[2022-03-24T17:00:31.547] [ERROR] archivo - el usuario no existe
[2022-03-24T17:01:34.201] [WARN] archivo - { status: 404, msg: 'El carrito solicitado no existe' }
[2022-03-24T17:03:06.270] [WARN] archivo - { status: 404, msg: 'El carrito solicitado no existe' }
[2022-03-24T17:04:32.323] [WARN] archivo - { status: 404, msg: 'El carrito solicitado no existe' }
[2022-03-24T17:05:49.629] [WARN] archivo - NotFound: El carrito solicitado no existe
    at Function.getById (C:\Users\BIGBANG-SOLUCIONES\Documents\Test\coderHouse-final\dist\js\dao\cartDao.js:31:19)
    at processTicksAndRejections (node:internal/process/task_queues:96:5)
    at async Function.usersPostLoginService (C:\Users\BIGBANG-SOLUCIONES\Documents\Test\coderHouse-final\dist\js\services\userServices.js:46:27)
    at async usersPostLogin (C:\Users\BIGBANG-SOLUCIONES\Documents\Test\coderHouse-final\dist\js\controllers\usersControllers.js:31:30)
[2022-03-24T17:27:46.972] [WARN] archivo - el usuario ya existe
[2022-03-24T17:28:12.863] [WARN] archivo - NotFound: El carrito solicitado no existe
    at Function.getById (C:\Users\BIGBANG-SOLUCIONES\Documents\Test\coderHouse-final\dist\js\dao\cartDao.js:31:19)
    at processTicksAndRejections (node:internal/process/task_queues:96:5)
    at async Function.usersPostLoginService (C:\Users\BIGBANG-SOLUCIONES\Documents\Test\coderHouse-final\dist\js\services\userServices.js:45:27)
    at async usersPostLogin (C:\Users\BIGBANG-SOLUCIONES\Documents\Test\coderHouse-final\dist\js\controllers\usersControllers.js:31:30)
[2022-03-24T18:21:59.541] [WARN] archivo - NotFound: El carrito solicitado no existe
    at Function.getById (C:\Users\BIGBANG-SOLUCIONES\Documents\Test\coderHouse-final\dist\js\dao\cartDao.js:31:19)
    at processTicksAndRejections (node:internal/process/task_queues:96:5)
    at async Function.usersPostLoginService (C:\Users\BIGBANG-SOLUCIONES\Documents\Test\coderHouse-final\dist\js\services\userServices.js:45:27)
    at async usersPostLogin (C:\Users\BIGBANG-SOLUCIONES\Documents\Test\coderHouse-final\dist\js\controllers\usersControllers.js:31:30)
[2022-03-24T18:24:50.366] [WARN] archivo - NotFound: El carrito solicitado no existe
    at Function.getById (C:\Users\BIGBANG-SOLUCIONES\Documents\Test\coderHouse-final\dist\js\dao\cartDao.js:31:19)
    at processTicksAndRejections (node:internal/process/task_queues:96:5)
    at async Function.usersPostLoginService (C:\Users\BIGBANG-SOLUCIONES\Documents\Test\coderHouse-final\dist\js\services\userServices.js:46:27)
    at async usersPostLogin (C:\Users\BIGBANG-SOLUCIONES\Documents\Test\coderHouse-final\dist\js\controllers\usersControllers.js:31:30)
[2022-03-24T18:28:31.379] [WARN] archivo - CastError: Cast to ObjectId failed for value "{ _idUser: new ObjectId("623cc8841c9349f9aa5c3474") }" (type Object) at path "_id" for model "carts"
    at model.Query.exec (C:\Users\BIGBANG-SOLUCIONES\Documents\Test\coderHouse-final\node_modules\mongoose\lib\query.js:4641:21)
    at model.Query.Query.then (C:\Users\BIGBANG-SOLUCIONES\Documents\Test\coderHouse-final\node_modules\mongoose\lib\query.js:4740:15)
    at processTicksAndRejections (node:internal/process/task_queues:96:5) {
  messageFormat: undefined,
  stringValue: '"{ _idUser: new ObjectId("623cc8841c9349f9aa5c3474") }"',
  kind: 'ObjectId',
  value: { _idUser: new ObjectId("623cc8841c9349f9aa5c3474") },
  path: '_id',
  reason: BSONTypeError: Argument passed in must be a string of 12 bytes or a string of 24 hex characters or an integer
      at new BSONTypeError (C:\Users\BIGBANG-SOLUCIONES\Documents\Test\coderHouse-final\node_modules\bson\lib\error.js:41:28)
      at new ObjectId (C:\Users\BIGBANG-SOLUCIONES\Documents\Test\coderHouse-final\node_modules\bson\lib\objectid.js:65:23)
      at castObjectId (C:\Users\BIGBANG-SOLUCIONES\Documents\Test\coderHouse-final\node_modules\mongoose\lib\cast\objectid.js:24:12)
      at ObjectId.cast (C:\Users\BIGBANG-SOLUCIONES\Documents\Test\coderHouse-final\node_modules\mongoose\lib\schema\objectid.js:247:12)
      at ObjectId.SchemaType.applySetters (C:\Users\BIGBANG-SOLUCIONES\Documents\Test\coderHouse-final\node_modules\mongoose\lib\schematype.js:1180:12)
      at ObjectId.SchemaType._castForQuery (C:\Users\BIGBANG-SOLUCIONES\Documents\Test\coderHouse-final\node_modules\mongoose\lib\schematype.js:1614:15)
      at ObjectId.SchemaType.castForQuery (C:\Users\BIGBANG-SOLUCIONES\Documents\Test\coderHouse-final\node_modules\mongoose\lib\schematype.js:1604:15)
      at ObjectId.SchemaType.castForQueryWrapper (C:\Users\BIGBANG-SOLUCIONES\Documents\Test\coderHouse-final\node_modules\mongoose\lib\schematype.js:1581:20)
      at cast (C:\Users\BIGBANG-SOLUCIONES\Documents\Test\coderHouse-final\node_modules\mongoose\lib\cast.js:288:34)
      at model.Query.Query.cast (C:\Users\BIGBANG-SOLUCIONES\Documents\Test\coderHouse-final\node_modules\mongoose\lib\query.js:5076:12),
  valueType: 'Object'
}
[2022-03-24T19:06:07.540] [WARN] archivo - Error: products validation failed: name: Path `name` is required., price: Path `price` is required., stock: Path `stock` is required., photo: Path `photo` is required., code: Path `code` is required., description: Path `description` is required.
    at ValidationError.inspect (C:\Users\BIGBANG-SOLUCIONES\Documents\Test\coderHouse-final\node_modules\mongoose\lib\error\validation.js:48:26)
    at formatValue (node:internal/util/inspect:763:19)
    at inspect (node:internal/util/inspect:340:10)
    at formatWithOptionsInternal (node:internal/util/inspect:2006:40)
    at Object.format (node:internal/util/inspect:1880:10)
    at basicLayout (C:\Users\BIGBANG-SOLUCIONES\Documents\Test\coderHouse-final\node_modules\log4js\lib\layouts.js:63:57)
    at app (C:\Users\BIGBANG-SOLUCIONES\Documents\Test\coderHouse-final\node_modules\log4js\lib\appenders\File.js:76:23)
    at C:\Users\BIGBANG-SOLUCIONES\Documents\Test\coderHouse-final\node_modules\log4js\lib\log4js.js:43:5
    at Array.forEach (<anonymous>)
    at sendLogEventToAppender (C:\Users\BIGBANG-SOLUCIONES\Documents\Test\coderHouse-final\node_modules\log4js\lib\log4js.js:42:21) {
  errors: {
    name: ValidatorError: Path `name` is required.
        at validate (C:\Users\BIGBANG-SOLUCIONES\Documents\Test\coderHouse-final\node_modules\mongoose\lib\schematype.js:1321:13)
        at SchemaString.SchemaType.doValidate (C:\Users\BIGBANG-SOLUCIONES\Documents\Test\coderHouse-final\node_modules\mongoose\lib\schematype.js:1305:7)
        at C:\Users\BIGBANG-SOLUCIONES\Documents\Test\coderHouse-final\node_modules\mongoose\lib\document.js:2734:18
        at processTicksAndRejections (node:internal/process/task_queues:78:11) {
      properties: [Object],
      kind: 'required',
      path: 'name',
      value: undefined,
      reason: undefined,
      [Symbol(mongoose:validatorError)]: true
    },
    price: ValidatorError: Path `price` is required.
        at validate (C:\Users\BIGBANG-SOLUCIONES\Documents\Test\coderHouse-final\node_modules\mongoose\lib\schematype.js:1321:13)
        at SchemaNumber.SchemaType.doValidate (C:\Users\BIGBANG-SOLUCIONES\Documents\Test\coderHouse-final\node_modules\mongoose\lib\schematype.js:1305:7)
        at C:\Users\BIGBANG-SOLUCIONES\Documents\Test\coderHouse-final\node_modules\mongoose\lib\document.js:2734:18
        at processTicksAndRejections (node:internal/process/task_queues:78:11) {
      properties: [Object],
      kind: 'required',
      path: 'price',
      value: undefined,
      reason: undefined,
      [Symbol(mongoose:validatorError)]: true
    },
    stock: ValidatorError: Path `stock` is required.
        at validate (C:\Users\BIGBANG-SOLUCIONES\Documents\Test\coderHouse-final\node_modules\mongoose\lib\schematype.js:1321:13)
        at SchemaNumber.SchemaType.doValidate (C:\Users\BIGBANG-SOLUCIONES\Documents\Test\coderHouse-final\node_modules\mongoose\lib\schematype.js:1305:7)
        at C:\Users\BIGBANG-SOLUCIONES\Documents\Test\coderHouse-final\node_modules\mongoose\lib\document.js:2734:18
        at processTicksAndRejections (node:internal/process/task_queues:78:11) {
      properties: [Object],
      kind: 'required',
      path: 'stock',
      value: undefined,
      reason: undefined,
      [Symbol(mongoose:validatorError)]: true
    },
    photo: ValidatorError: Path `photo` is required.
        at validate (C:\Users\BIGBANG-SOLUCIONES\Documents\Test\coderHouse-final\node_modules\mongoose\lib\schematype.js:1321:13)
        at SchemaString.SchemaType.doValidate (C:\Users\BIGBANG-SOLUCIONES\Documents\Test\coderHouse-final\node_modules\mongoose\lib\schematype.js:1305:7)
        at C:\Users\BIGBANG-SOLUCIONES\Documents\Test\coderHouse-final\node_modules\mongoose\lib\document.js:2734:18
        at processTicksAndRejections (node:internal/process/task_queues:78:11) {
      properties: [Object],
      kind: 'required',
      path: 'photo',
      value: undefined,
      reason: undefined,
      [Symbol(mongoose:validatorError)]: true
    },
    code: ValidatorError: Path `code` is required.
        at validate (C:\Users\BIGBANG-SOLUCIONES\Documents\Test\coderHouse-final\node_modules\mongoose\lib\schematype.js:1321:13)
        at SchemaString.SchemaType.doValidate (C:\Users\BIGBANG-SOLUCIONES\Documents\Test\coderHouse-final\node_modules\mongoose\lib\schematype.js:1305:7)
        at C:\Users\BIGBANG-SOLUCIONES\Documents\Test\coderHouse-final\node_modules\mongoose\lib\document.js:2734:18
        at processTicksAndRejections (node:internal/process/task_queues:78:11) {
      properties: [Object],
      kind: 'required',
      path: 'code',
      value: undefined,
      reason: undefined,
      [Symbol(mongoose:validatorError)]: true
    },
    description: ValidatorError: Path `description` is required.
        at validate (C:\Users\BIGBANG-SOLUCIONES\Documents\Test\coderHouse-final\node_modules\mongoose\lib\schematype.js:1321:13)
        at SchemaString.SchemaType.doValidate (C:\Users\BIGBANG-SOLUCIONES\Documents\Test\coderHouse-final\node_modules\mongoose\lib\schematype.js:1305:7)
        at C:\Users\BIGBANG-SOLUCIONES\Documents\Test\coderHouse-final\node_modules\mongoose\lib\document.js:2734:18
        at processTicksAndRejections (node:internal/process/task_queues:78:11) {
      properties: [Object],
      kind: 'required',
      path: 'description',
      value: undefined,
      reason: undefined,
      [Symbol(mongoose:validatorError)]: true
    }
  },
  _message: 'products validation failed'
}
[2022-03-24T19:07:10.212] [WARN] archivo - NotFound: Error al crear el producto
    at Function.add (C:\Users\BIGBANG-SOLUCIONES\Documents\Test\coderHouse-final\dist\js\dao\productDao.js:50:19)
    at processTicksAndRejections (node:internal/process/task_queues:96:5)
    at async Function.productCreateService (C:\Users\BIGBANG-SOLUCIONES\Documents\Test\coderHouse-final\dist\js\services\productServices.js:17:9)
    at async productCreate (C:\Users\BIGBANG-SOLUCIONES\Documents\Test\coderHouse-final\dist\js\controllers\productControllers.js:28:30)
[2022-03-24T19:07:44.562] [WARN] archivo - NotFound: Error al crear el producto
    at Function.add (C:\Users\BIGBANG-SOLUCIONES\Documents\Test\coderHouse-final\dist\js\dao\productDao.js:51:19)
    at processTicksAndRejections (node:internal/process/task_queues:96:5)
    at async Function.productCreateService (C:\Users\BIGBANG-SOLUCIONES\Documents\Test\coderHouse-final\dist\js\services\productServices.js:17:9)
    at async productCreate (C:\Users\BIGBANG-SOLUCIONES\Documents\Test\coderHouse-final\dist\js\controllers\productControllers.js:28:30)
[2022-03-24T19:08:46.801] [WARN] archivo - NotFound: Error al crear el producto
    at Function.add (C:\Users\BIGBANG-SOLUCIONES\Documents\Test\coderHouse-final\dist\js\dao\productDao.js:52:19)
    at processTicksAndRejections (node:internal/process/task_queues:96:5)
    at async Function.productCreateService (C:\Users\BIGBANG-SOLUCIONES\Documents\Test\coderHouse-final\dist\js\services\productServices.js:17:9)
    at async productCreate (C:\Users\BIGBANG-SOLUCIONES\Documents\Test\coderHouse-final\dist\js\controllers\productControllers.js:28:30)
[2022-03-24T19:09:17.215] [WARN] archivo - NotFound: Error al crear el producto
    at Function.add (C:\Users\BIGBANG-SOLUCIONES\Documents\Test\coderHouse-final\dist\js\dao\productDao.js:52:19)
    at processTicksAndRejections (node:internal/process/task_queues:96:5)
    at async Function.productCreateService (C:\Users\BIGBANG-SOLUCIONES\Documents\Test\coderHouse-final\dist\js\services\productServices.js:18:9)
    at async productCreate (C:\Users\BIGBANG-SOLUCIONES\Documents\Test\coderHouse-final\dist\js\controllers\productControllers.js:28:30)
[2022-03-24T19:11:15.840] [WARN] archivo - NotFound: Error al crear el producto
    at Function.add (C:\Users\BIGBANG-SOLUCIONES\Documents\Test\coderHouse-final\dist\js\dao\productDao.js:52:19)
    at processTicksAndRejections (node:internal/process/task_queues:96:5)
    at async Function.productCreateService (C:\Users\BIGBANG-SOLUCIONES\Documents\Test\coderHouse-final\dist\js\services\productServices.js:18:9)
    at async productCreate (C:\Users\BIGBANG-SOLUCIONES\Documents\Test\coderHouse-final\dist\js\controllers\productControllers.js:29:30)
[2022-03-24T19:16:04.107] [WARN] archivo - NotFound: El carrito solicitado no existe
    at Function.getById (C:\Users\BIGBANG-SOLUCIONES\Documents\Test\coderHouse-final\dist\js\dao\cartDao.js:23:19)
    at processTicksAndRejections (node:internal/process/task_queues:96:5)
    at async Function.cartGetService (C:\Users\BIGBANG-SOLUCIONES\Documents\Test\coderHouse-final\dist\js\services\cartServices.js:23:26)
    at async cartGet (C:\Users\BIGBANG-SOLUCIONES\Documents\Test\coderHouse-final\dist\js\controllers\cartControllers.js:38:30)
